2022/04/26 - 22:37:43.208	[34mINFO[0m	D:/Code/GO/github/gin-gorm-practice/conf/setting/conf.go:67	init conf success
2022/04/26 - 22:45:53.648	[34mINFO[0m	D:/Code/GO/github/gin-gorm-practice/conf/setting/conf.go:67	init conf success
2022/04/26 - 22:48:35.172	[34mINFO[0m	D:/Code/GO/github/gin-gorm-practice/conf/setting/conf.go:66	init conf success
2022/04/26 - 22:49:09.044	[34mINFO[0m	D:/Code/GO/github/gin-gorm-practice/conf/setting/conf.go:66	init conf success
2022/04/26 - 22:54:28.182	[34mINFO[0m	D:/Code/GO/github/gin-gorm-practice/conf/setting/conf.go:66	init conf success
2022/04/26 - 23:01:23.840	[34mINFO[0m	D:/Code/GO/github/gin-gorm-practice/conf/setting/conf.go:66	init conf success
2022/04/26 - 23:04:55.992	[34mINFO[0m	D:/Code/GO/github/gin-gorm-practice/conf/setting/conf.go:66	init conf success
2022/04/26 - 23:08:57.673	[34mINFO[0m	D:/Code/GO/github/gin-gorm-practice/conf/setting/conf.go:66	init conf success
2022/04/26 - 23:09:02.193	[34mINFO[0m	D:/Code/GO/github/gin-gorm-practice/pkg/util/jwt.go:52	token	{"token": ""}
2022/04/26 - 23:09:02.194	[34mINFO[0m	D:/Code/GO/github/gin-gorm-practice/routers/api/auth.go:66	auth	{"data": {}, "code": 20003}
2022/04/26 - 23:09:32.657	[34mINFO[0m	D:/Code/GO/github/gin-gorm-practice/conf/setting/conf.go:66	init conf success
2022/04/26 - 23:09:32.833	[34mINFO[0m	D:/Code/GO/github/gin-gorm-practice/pkg/util/jwt.go:51	token	{"token": ""}
2022/04/26 - 23:09:32.835	[34mINFO[0m	D:/Code/GO/github/gin-gorm-practice/routers/api/auth.go:66	auth	{"data": {}, "code": 20003}
2022/04/26 - 23:09:43.181	[34mINFO[0m	D:/Code/GO/github/gin-gorm-practice/pkg/util/jwt.go:51	token	{"token": ""}
2022/04/26 - 23:09:43.181	[34mINFO[0m	D:/Code/GO/github/gin-gorm-practice/routers/api/auth.go:66	auth	{"data": {}, "code": 20003}
2022/04/26 - 23:16:48.794	[34mINFO[0m	D:/Code/GO/github/gin-gorm-practice/conf/setting/conf.go:66	init conf success
2022/04/26 - 23:16:59.530	[34mINFO[0m	D:/Code/GO/github/gin-gorm-practice/pkg/util/jwt.go:53	token	{"token": "eyJhbGciOiJIUzI1NiIsInR5cCI6IkpXVCJ9.eyJ1c2VybmFtZSI6Im1lbG9keSIsInBhc3N3b3JkIjoiMjAwMTE3MTciLCJleHAiOjE2NTA5OTcwMTksImlzcyI6Imdpbi1nb3JtLXByYWN0aWNlIn0.R7wJmNyJ_vo_uZpwYaOBjef_9jfEN0dsVB9fDFYVedQ"}
2022/04/26 - 23:16:59.532	[34mINFO[0m	D:/Code/GO/github/gin-gorm-practice/routers/api/auth.go:67	auth	{"data": {"token":"eyJhbGciOiJIUzI1NiIsInR5cCI6IkpXVCJ9.eyJ1c2VybmFtZSI6Im1lbG9keSIsInBhc3N3b3JkIjoiMjAwMTE3MTciLCJleHAiOjE2NTA5OTcwMTksImlzcyI6Imdpbi1nb3JtLXByYWN0aWNlIn0.R7wJmNyJ_vo_uZpwYaOBjef_9jfEN0dsVB9fDFYVedQ"}, "code": 200}
2022/04/26 - 23:31:47.925	[34mINFO[0m	D:/Code/GO/github/gin-gorm-practice/conf/setting/conf.go:66	init conf success
2022/04/26 - 23:33:38.459	[34mINFO[0m	D:/Code/GO/github/gin-gorm-practice/pkg/util/jwt.go:53	token	{"token": "eyJhbGciOiJIUzI1NiIsInR5cCI6IkpXVCJ9.eyJ1c2VybmFtZSI6Im1lbG9keSIsInBhc3N3b3JkIjoiMjAwMTE3MTciLCJleHAiOjE2NTA5OTgwMTgsImlzcyI6Imdpbi1nb3JtLXByYWN0aWNlIn0.xHjpn6-p4Dqv12lgb0wfojBrq0YJrflnEedHkNlsdWA"}
2022/04/26 - 23:33:38.460	[34mINFO[0m	D:/Code/GO/github/gin-gorm-practice/routers/api/auth.go:67	auth	{"data": {"token":"eyJhbGciOiJIUzI1NiIsInR5cCI6IkpXVCJ9.eyJ1c2VybmFtZSI6Im1lbG9keSIsInBhc3N3b3JkIjoiMjAwMTE3MTciLCJleHAiOjE2NTA5OTgwMTgsImlzcyI6Imdpbi1nb3JtLXByYWN0aWNlIn0.xHjpn6-p4Dqv12lgb0wfojBrq0YJrflnEedHkNlsdWA"}, "code": 200}
2022/04/26 - 23:46:04.904	[34mINFO[0m	D:/Code/GO/github/gin-gorm-practice/conf/setting/conf.go:66	init conf success
2022/04/26 - 23:47:12.025	[34mINFO[0m	D:/Code/GO/github/gin-gorm-practice/pkg/util/jwt.go:53	token	{"token": "eyJhbGciOiJIUzI1NiIsInR5cCI6IkpXVCJ9.eyJ1c2VybmFtZSI6Im1lbG9keSIsInBhc3N3b3JkIjoiMjAwMTE3MTciLCJleHAiOjE2NTA5OTg4MzIsImlzcyI6Imdpbi1nb3JtLXByYWN0aWNlIn0.B4lPOFo2eWMN5K13GKedR-UayJOzXJzEwKwLMwi-olI"}
2022/04/26 - 23:47:12.027	[34mINFO[0m	D:/Code/GO/github/gin-gorm-practice/routers/api/auth.go:67	auth	{"data": {"token":"eyJhbGciOiJIUzI1NiIsInR5cCI6IkpXVCJ9.eyJ1c2VybmFtZSI6Im1lbG9keSIsInBhc3N3b3JkIjoiMjAwMTE3MTciLCJleHAiOjE2NTA5OTg4MzIsImlzcyI6Imdpbi1nb3JtLXByYWN0aWNlIn0.B4lPOFo2eWMN5K13GKedR-UayJOzXJzEwKwLMwi-olI"}, "code": 200}
2022/04/26 - 23:54:28.043	[34mINFO[0m	D:/Code/GO/github/gin-gorm-practice/conf/setting/conf.go:66	init conf success
2022/04/26 - 23:54:40.969	[34mINFO[0m	D:/Code/GO/github/gin-gorm-practice/pkg/util/jwt.go:53	token	{"token": "eyJhbGciOiJIUzI1NiIsInR5cCI6IkpXVCJ9.eyJ1c2VybmFtZSI6Im1lbG9keSIsInBhc3N3b3JkIjoiMjAwMTE3MTciLCJleHAiOjE2NTA5OTkyODAsImlzcyI6Imdpbi1nb3JtLXByYWN0aWNlIn0.gbRyeVg69lkMDAG0k1GdSiys2EDWpegfHB6s5uDzv2o"}
2022/04/26 - 23:54:40.970	[34mINFO[0m	D:/Code/GO/github/gin-gorm-practice/routers/api/auth.go:67	auth	{"data": {"token":"eyJhbGciOiJIUzI1NiIsInR5cCI6IkpXVCJ9.eyJ1c2VybmFtZSI6Im1lbG9keSIsInBhc3N3b3JkIjoiMjAwMTE3MTciLCJleHAiOjE2NTA5OTkyODAsImlzcyI6Imdpbi1nb3JtLXByYWN0aWNlIn0.gbRyeVg69lkMDAG0k1GdSiys2EDWpegfHB6s5uDzv2o"}, "code": 200}
2022/04/27 - 08:08:51.118	[34mINFO[0m	D:/Code/GO/github/gin-gorm-practice/conf/setting/conf.go:66	init conf success
2022/04/27 - 08:08:55.548	[34mINFO[0m	D:/Code/GO/github/gin-gorm-practice/pkg/util/jwt.go:53	token	{"token": "eyJhbGciOiJIUzI1NiIsInR5cCI6IkpXVCJ9.eyJ1c2VybmFtZSI6Im1lbG9keSIsInBhc3N3b3JkIjoiMjAwMTE3MTciLCJleHAiOjE2NTEwMjg5MzUsImlzcyI6Imdpbi1nb3JtLXByYWN0aWNlIn0.wp2MpBd8xphn9RZjNDSoEtvGkGhhtaUuxmP72HZYyAQ"}
2022/04/27 - 08:08:55.549	[34mINFO[0m	D:/Code/GO/github/gin-gorm-practice/routers/api/auth.go:67	auth	{"data": {"token":"eyJhbGciOiJIUzI1NiIsInR5cCI6IkpXVCJ9.eyJ1c2VybmFtZSI6Im1lbG9keSIsInBhc3N3b3JkIjoiMjAwMTE3MTciLCJleHAiOjE2NTEwMjg5MzUsImlzcyI6Imdpbi1nb3JtLXByYWN0aWNlIn0.wp2MpBd8xphn9RZjNDSoEtvGkGhhtaUuxmP72HZYyAQ"}, "code": 200}
2022/04/27 - 08:11:06.948	[34mINFO[0m	D:/Code/GO/github/gin-gorm-practice/conf/setting/conf.go:66	init conf success
2022/04/27 - 08:11:49.632	[34mINFO[0m	D:/Code/GO/github/gin-gorm-practice/pkg/util/jwt.go:53	token	{"token": "eyJhbGciOiJIUzI1NiIsInR5cCI6IkpXVCJ9.eyJ1c2VybmFtZSI6Im1lbG9keSIsInBhc3N3b3JkIjoiMjAwMTE3MTciLCJleHAiOjE2NTEwMjkxMDksImlzcyI6Imdpbi1nb3JtLXByYWN0aWNlIn0.YejWQLwBYDxYCY8BZh1ANkYIYlgfSbD3sqhJBosDNsE"}
2022/04/27 - 08:11:49.633	[34mINFO[0m	D:/Code/GO/github/gin-gorm-practice/routers/api/auth.go:67	auth	{"data": {"token":"eyJhbGciOiJIUzI1NiIsInR5cCI6IkpXVCJ9.eyJ1c2VybmFtZSI6Im1lbG9keSIsInBhc3N3b3JkIjoiMjAwMTE3MTciLCJleHAiOjE2NTEwMjkxMDksImlzcyI6Imdpbi1nb3JtLXByYWN0aWNlIn0.YejWQLwBYDxYCY8BZh1ANkYIYlgfSbD3sqhJBosDNsE"}, "code": 200}
2022/04/27 - 08:11:52.584	[34mINFO[0m	D:/Code/GO/github/gin-gorm-practice/pkg/util/jwt.go:53	token	{"token": "eyJhbGciOiJIUzI1NiIsInR5cCI6IkpXVCJ9.eyJ1c2VybmFtZSI6Im1lbG9keSIsInBhc3N3b3JkIjoiMjAwMTE3MTciLCJleHAiOjE2NTEwMjkxMTIsImlzcyI6Imdpbi1nb3JtLXByYWN0aWNlIn0.Q1Y3jQRe3ug9sLBk7DNLfXuWB-TrezSNs2YCF7VD7Lg"}
2022/04/27 - 08:11:52.585	[34mINFO[0m	D:/Code/GO/github/gin-gorm-practice/routers/api/auth.go:67	auth	{"data": {"token":"eyJhbGciOiJIUzI1NiIsInR5cCI6IkpXVCJ9.eyJ1c2VybmFtZSI6Im1lbG9keSIsInBhc3N3b3JkIjoiMjAwMTE3MTciLCJleHAiOjE2NTEwMjkxMTIsImlzcyI6Imdpbi1nb3JtLXByYWN0aWNlIn0.Q1Y3jQRe3ug9sLBk7DNLfXuWB-TrezSNs2YCF7VD7Lg"}, "code": 200}
2022/04/27 - 08:24:31.778	[34mINFO[0m	D:/Code/GO/github/gin-gorm-practice/conf/setting/conf.go:66	init conf success
2022/04/27 - 08:24:38.104	[34mINFO[0m	D:/Code/GO/github/gin-gorm-practice/pkg/util/jwt.go:53	token	{"token": "eyJhbGciOiJIUzI1NiIsInR5cCI6IkpXVCJ9.eyJ1c2VybmFtZSI6Im1lbG9keSIsInBhc3N3b3JkIjoiMjAwMTE3MTciLCJleHAiOjE2NTEwMjk4NzgsImlzcyI6Imdpbi1nb3JtLXByYWN0aWNlIn0.9Uiz_Ufn0gm8xp2oVB01oW47CaRM_9xYMO5StSHcSRo"}
2022/04/27 - 08:24:38.104	[34mINFO[0m	D:/Code/GO/github/gin-gorm-practice/routers/api/auth.go:67	auth	{"data": {"token":"eyJhbGciOiJIUzI1NiIsInR5cCI6IkpXVCJ9.eyJ1c2VybmFtZSI6Im1lbG9keSIsInBhc3N3b3JkIjoiMjAwMTE3MTciLCJleHAiOjE2NTEwMjk4NzgsImlzcyI6Imdpbi1nb3JtLXByYWN0aWNlIn0.9Uiz_Ufn0gm8xp2oVB01oW47CaRM_9xYMO5StSHcSRo"}, "code": 200}
2022/04/27 - 08:27:42.492	[34mINFO[0m	D:/Code/GO/github/gin-gorm-practice/conf/setting/conf.go:66	init conf success
2022/04/27 - 08:29:18.078	[34mINFO[0m	D:/Code/GO/github/gin-gorm-practice/pkg/util/jwt.go:53	token	{"token": "eyJhbGciOiJIUzI1NiIsInR5cCI6IkpXVCJ9.eyJ1c2VybmFtZSI6Im1lbG9keSIsInBhc3N3b3JkIjoiMjAwMTE3MTciLCJleHAiOjE2NTEwMzAxNTgsImlzcyI6Imdpbi1nb3JtLXByYWN0aWNlIn0.MWoq3-XH__VB2qSlRMPAjxivCmCx3p_r890rBENKKws"}
2022/04/27 - 08:29:18.078	[34mINFO[0m	D:/Code/GO/github/gin-gorm-practice/routers/api/auth.go:67	auth	{"data": {"token":"eyJhbGciOiJIUzI1NiIsInR5cCI6IkpXVCJ9.eyJ1c2VybmFtZSI6Im1lbG9keSIsInBhc3N3b3JkIjoiMjAwMTE3MTciLCJleHAiOjE2NTEwMzAxNTgsImlzcyI6Imdpbi1nb3JtLXByYWN0aWNlIn0.MWoq3-XH__VB2qSlRMPAjxivCmCx3p_r890rBENKKws"}, "code": 200}
2022/05/01 - 10:38:38.378	[34mINFO[0m	D:/Code/GO/github/gin-gorm-practice/conf/setting/conf.go:71	init conf success
2022/05/01 - 17:10:34.545	[34mINFO[0m	D:/Code/GO/github/gin-gorm-practice/pkg/util/jwt.go:53	token	{"token": "eyJhbGciOiJIUzI1NiIsInR5cCI6IkpXVCJ9.eyJ1c2VybmFtZSI6Im1lbG9keSIsInBhc3N3b3JkIjoiMjAwMTE3MTciLCJleHAiOjE2NTE0MDcwMzQsImlzcyI6Imdpbi1nb3JtLXByYWN0aWNlIn0.NZmhQrbAtnd5gq0TFkSmQ_zX1_QhTiF92R__ajN7uqs"}
2022/05/01 - 17:10:34.548	[34mINFO[0m	D:/Code/GO/github/gin-gorm-practice/routers/api/auth.go:67	auth	{"data": {"token":"eyJhbGciOiJIUzI1NiIsInR5cCI6IkpXVCJ9.eyJ1c2VybmFtZSI6Im1lbG9keSIsInBhc3N3b3JkIjoiMjAwMTE3MTciLCJleHAiOjE2NTE0MDcwMzQsImlzcyI6Imdpbi1nb3JtLXByYWN0aWNlIn0.NZmhQrbAtnd5gq0TFkSmQ_zX1_QhTiF92R__ajN7uqs"}, "code": 200}
2022/05/01 - 17:39:04.452	[34mINFO[0m	D:/Code/GO/github/gin-gorm-practice/pkg/util/jwt.go:53	token	{"token": "eyJhbGciOiJIUzI1NiIsInR5cCI6IkpXVCJ9.eyJ1c2VybmFtZSI6Im1lbG9keSIsInBhc3N3b3JkIjoiMjAwMTE3MTciLCJleHAiOjE2NTE0MDg3NDQsImlzcyI6Imdpbi1nb3JtLXByYWN0aWNlIn0.Oo62pBby2F_hEDEs1fL_mV5NmnLhvxn39_G7Vg5uSTo"}
2022/05/01 - 17:39:04.455	[34mINFO[0m	D:/Code/GO/github/gin-gorm-practice/routers/api/auth.go:67	auth	{"data": {"token":"eyJhbGciOiJIUzI1NiIsInR5cCI6IkpXVCJ9.eyJ1c2VybmFtZSI6Im1lbG9keSIsInBhc3N3b3JkIjoiMjAwMTE3MTciLCJleHAiOjE2NTE0MDg3NDQsImlzcyI6Imdpbi1nb3JtLXByYWN0aWNlIn0.Oo62pBby2F_hEDEs1fL_mV5NmnLhvxn39_G7Vg5uSTo"}, "code": 200}
