[C:/Users/Unpre/go/pkg/mod/go.uber.org/zap@v4.144.1/zapcore/entry.go:14140]2022/04/14 - 22:36:58.116	[31mERROR[0m	D:/Code/GO/github/gin-gorm-practice/routers/api/v1/tags.go:78	AddTags: 	{"err": "name", "err": "åç§°ä¸èƒ½ä¸ºç©º"}
[C:/Users/Unpre/go/pkg/mod/go.uber.org/zap@v4.144.1/zapcore/entry.go:14140]2022/04/14 - 22:36:58.122	[31mERROR[0m	D:/Code/GO/github/gin-gorm-practice/routers/api/v1/tags.go:78	AddTags: 	{"err": "state", "err": "çŠ¶æ€åªå…è®¸0æˆ–1"}
[C:/Users/Unpre/go/pkg/mod/go.uber.org/zap@v4.144.8/zapcore/entry.go:14140]2022/04/14 - 22:37:49.861	[31mERROR[0m	D:/Code/GO/github/gin-gorm-practice/routers/api/v1/tags.go:78	AddTags: 	{"err": "name", "err": "åç§°ä¸èƒ½ä¸ºç©º"}
[C:/Users/Unpre/go/pkg/mod/go.uber.org/zap@v4.144.8/zapcore/entry.go:14140]2022/04/14 - 22:37:49.862	[31mERROR[0m	D:/Code/GO/github/gin-gorm-practice/routers/api/v1/tags.go:78	AddTags: 	{"err": "state", "err": "çŠ¶æ€åªå…è®¸0æˆ–1"}
[C:/Users/Unpre/go/pkg/mod/go.uber.org/zap@v4.144.7/zapcore/entry.go:14140]2022/04/14 - 22:38:06.783	[31mERROR[0m	D:/Code/GO/github/gin-gorm-practice/middleware/jwt/jwt.go:45	JWT	{"err": "Tokené‰´æƒå¤±è´¥"}
[C:/Users/Unpre/go/pkg/mod/go.uber.org/zap@v4.144.9/zapcore/entry.go:14140]2022/04/14 - 23:09:18.978	[31mERROR[0m	D:/Code/GO/github/gin-gorm-practice/middleware/jwt/jwt.go:45	JWT	{"err": "Tokené‰´æƒå¤±è´¥"}
[C:/Users/Unpre/go/pkg/mod/go.uber.org/zap@v4.144.8/zapcore/entry.go:14140]2022/04/14 - 23:09:59.893	[31mERROR[0m	D:/Code/GO/github/gin-gorm-practice/routers/api/v1/tags.go:78	AddTags: 	{"err": "name", "err": "åç§°ä¸èƒ½ä¸ºç©º"}
[C:/Users/Unpre/go/pkg/mod/go.uber.org/zap@v4.144.8/zapcore/entry.go:14140]2022/04/14 - 23:09:59.893	[31mERROR[0m	D:/Code/GO/github/gin-gorm-practice/routers/api/v1/tags.go:78	AddTags: 	{"err": "state", "err": "çŠ¶æ€åªå…è®¸0æˆ–1"}
[C:/Users/Unpre/go/pkg/mod/go.uber.org/zap@v4.144.6/zapcore/entry.go:14140]2022/04/14 - 23:11:48.652	[31mERROR[0m	D:/Code/GO/github/gin-gorm-practice/routers/api/v1/tags.go:78	AddTags: 	{"err": "name", "err": "åç§°ä¸èƒ½ä¸ºç©º"}
[C:/Users/Unpre/go/pkg/mod/go.uber.org/zap@v4.144.6/zapcore/entry.go:14140]2022/04/14 - 23:11:48.654	[31mERROR[0m	D:/Code/GO/github/gin-gorm-practice/routers/api/v1/tags.go:78	AddTags: 	{"err": "state", "err": "çŠ¶æ€åªå…è®¸0æˆ–1"}
[C:/Users/Unpre/go/pkg/mod/go.uber.org/zap@v4.144.8/zapcore/entry.go:14140]2022/04/14 - 23:14:27.882	[31mERROR[0m	D:/Code/GO/github/gin-gorm-practice/routers/api/v1/tags.go:78	AddTags: 	{"err": "name", "err": "åç§°ä¸èƒ½ä¸ºç©º"}
[C:/Users/Unpre/go/pkg/mod/go.uber.org/zap@v4.144.8/zapcore/entry.go:14140]2022/04/14 - 23:14:27.882	[31mERROR[0m	D:/Code/GO/github/gin-gorm-practice/routers/api/v1/tags.go:78	AddTags: 	{"err": "state", "err": "çŠ¶æ€åªå…è®¸0æˆ–1"}
[C:/Users/Unpre/go/pkg/mod/go.uber.org/zap@v4.144.3/zapcore/entry.go:14140]2022/04/14 - 23:16:25.348	[31mERROR[0m	D:/Code/GO/github/gin-gorm-practice/routers/api/v1/tags.go:80	AddTags: 	{"err": "name", "err": "åç§°ä¸èƒ½ä¸ºç©º"}
[C:/Users/Unpre/go/pkg/mod/go.uber.org/zap@v4.144.3/zapcore/entry.go:14140]2022/04/14 - 23:16:25.351	[31mERROR[0m	D:/Code/GO/github/gin-gorm-practice/routers/api/v1/tags.go:80	AddTags: 	{"err": "state", "err": "çŠ¶æ€åªå…è®¸0æˆ–1"}
[C:/Users/Unpre/go/pkg/mod/go.uber.org/zap@v4.144.6/zapcore/entry.go:14140]2022/04/14 - 23:16:26.636	[31mERROR[0m	D:/Code/GO/github/gin-gorm-practice/routers/api/v1/tags.go:80	AddTags: 	{"err": "name", "err": "åç§°ä¸èƒ½ä¸ºç©º"}
[C:/Users/Unpre/go/pkg/mod/go.uber.org/zap@v4.144.6/zapcore/entry.go:14140]2022/04/14 - 23:16:26.637	[31mERROR[0m	D:/Code/GO/github/gin-gorm-practice/routers/api/v1/tags.go:80	AddTags: 	{"err": "state", "err": "çŠ¶æ€åªå…è®¸0æˆ–1"}
[C:/Users/Unpre/go/pkg/mod/go.uber.org/zap@v4.144.2/zapcore/entry.go:14140]2022/04/14 - 23:17:07.223	[31mERROR[0m	D:/Code/GO/github/gin-gorm-practice/routers/api/v1/tags.go:80	AddTags: 	{"err": "name", "err": "åç§°ä¸èƒ½ä¸ºç©º"}
[C:/Users/Unpre/go/pkg/mod/go.uber.org/zap@v4.144.2/zapcore/entry.go:14140]2022/04/14 - 23:17:07.227	[31mERROR[0m	D:/Code/GO/github/gin-gorm-practice/routers/api/v1/tags.go:80	AddTags: 	{"err": "state", "err": "çŠ¶æ€åªå…è®¸0æˆ–1"}
[C:/Users/Unpre/go/pkg/mod/go.uber.org/zap@v4.144.3/zapcore/entry.go:14140]2022/04/14 - 23:17:08.341	[31mERROR[0m	D:/Code/GO/github/gin-gorm-practice/routers/api/v1/tags.go:80	AddTags: 	{"err": "name", "err": "åç§°ä¸èƒ½ä¸ºç©º"}
[C:/Users/Unpre/go/pkg/mod/go.uber.org/zap@v4.144.3/zapcore/entry.go:14140]2022/04/14 - 23:17:08.343	[31mERROR[0m	D:/Code/GO/github/gin-gorm-practice/routers/api/v1/tags.go:80	AddTags: 	{"err": "state", "err": "çŠ¶æ€åªå…è®¸0æˆ–1"}
[C:/Users/Unpre/go/pkg/mod/go.uber.org/zap@v4.144.4/zapcore/entry.go:14140]2022/04/14 - 23:18:43.408	[31mERROR[0m	D:/Code/GO/github/gin-gorm-practice/routers/api/v1/tags.go:79	AddTags: 	{"err": "name", "err": "åç§°ä¸èƒ½ä¸ºç©º"}
[C:/Users/Unpre/go/pkg/mod/go.uber.org/zap@v4.144.4/zapcore/entry.go:14140]2022/04/14 - 23:18:43.414	[31mERROR[0m	D:/Code/GO/github/gin-gorm-practice/routers/api/v1/tags.go:79	AddTags: 	{"err": "state", "err": "çŠ¶æ€åªå…è®¸0æˆ–1"}
[C:/Users/Unpre/go/pkg/mod/go.uber.org/zap@v4.144.5/zapcore/entry.go:14140]2022/04/14 - 23:18:44.528	[31mERROR[0m	D:/Code/GO/github/gin-gorm-practice/routers/api/v1/tags.go:79	AddTags: 	{"err": "name", "err": "åç§°ä¸èƒ½ä¸ºç©º"}
[C:/Users/Unpre/go/pkg/mod/go.uber.org/zap@v4.144.5/zapcore/entry.go:14140]2022/04/14 - 23:18:44.529	[31mERROR[0m	D:/Code/GO/github/gin-gorm-practice/routers/api/v1/tags.go:79	AddTags: 	{"err": "state", "err": "çŠ¶æ€åªå…è®¸0æˆ–1"}
[C:/Users/Unpre/go/pkg/mod/go.uber.org/zap@v4.144.7/zapcore/entry.go:14140]2022/04/14 - 23:19:21.717	[31mERROR[0m	D:/Code/GO/github/gin-gorm-practice/routers/api/v1/tags.go:79	AddTags: 	{"err": "name", "err": "åç§°ä¸èƒ½ä¸ºç©º"}
[C:/Users/Unpre/go/pkg/mod/go.uber.org/zap@v4.144.7/zapcore/entry.go:14140]2022/04/14 - 23:19:21.720	[31mERROR[0m	D:/Code/GO/github/gin-gorm-practice/routers/api/v1/tags.go:79	AddTags: 	{"err": "state", "err": "çŠ¶æ€åªå…è®¸0æˆ–1"}
[C:/Users/Unpre/go/pkg/mod/go.uber.org/zap@v4.144.6/zapcore/entry.go:14140]2022/04/14 - 23:19:22.645	[31mERROR[0m	D:/Code/GO/github/gin-gorm-practice/routers/api/v1/tags.go:79	AddTags: 	{"err": "name", "err": "åç§°ä¸èƒ½ä¸ºç©º"}
[C:/Users/Unpre/go/pkg/mod/go.uber.org/zap@v4.144.6/zapcore/entry.go:14140]2022/04/14 - 23:19:22.645	[31mERROR[0m	D:/Code/GO/github/gin-gorm-practice/routers/api/v1/tags.go:79	AddTags: 	{"err": "state", "err": "çŠ¶æ€åªå…è®¸0æˆ–1"}
[C:/Users/Unpre/go/pkg/mod/go.uber.org/zap@v4.144.8/zapcore/entry.go:14140]2022/04/14 - 23:19:23.824	[31mERROR[0m	D:/Code/GO/github/gin-gorm-practice/routers/api/v1/tags.go:79	AddTags: 	{"err": "name", "err": "åç§°ä¸èƒ½ä¸ºç©º"}
[C:/Users/Unpre/go/pkg/mod/go.uber.org/zap@v4.144.8/zapcore/entry.go:14140]2022/04/14 - 23:19:23.824	[31mERROR[0m	D:/Code/GO/github/gin-gorm-practice/routers/api/v1/tags.go:79	AddTags: 	{"err": "state", "err": "çŠ¶æ€åªå…è®¸0æˆ–1"}
[C:/Users/Unpre/go/pkg/mod/go.uber.org/zap@v4.144.1/zapcore/entry.go:14140]2022/04/14 - 23:52:20.157	[31mERROR[0m	D:/Code/GO/github/gin-gorm-practice/routers/api/v1/tags.go:79	AddTags: 	{"err": "name", "err": "åç§°ä¸èƒ½ä¸ºç©º"}
[C:/Users/Unpre/go/pkg/mod/go.uber.org/zap@v4.144.1/zapcore/entry.go:14140]2022/04/14 - 23:52:20.160	[31mERROR[0m	D:/Code/GO/github/gin-gorm-practice/routers/api/v1/tags.go:79	AddTags: 	{"err": "state", "err": "çŠ¶æ€åªå…è®¸0æˆ–1"}
[C:/Users/Unpre/go/pkg/mod/go.uber.org/zap@v4.144.7/zapcore/entry.go:14140]2022/04/14 - 23:52:21.725	[31mERROR[0m	D:/Code/GO/github/gin-gorm-practice/routers/api/v1/tags.go:79	AddTags: 	{"err": "name", "err": "åç§°ä¸èƒ½ä¸ºç©º"}
[C:/Users/Unpre/go/pkg/mod/go.uber.org/zap@v4.144.7/zapcore/entry.go:14140]2022/04/14 - 23:52:21.725	[31mERROR[0m	D:/Code/GO/github/gin-gorm-practice/routers/api/v1/tags.go:79	AddTags: 	{"err": "state", "err": "çŠ¶æ€åªå…è®¸0æˆ–1"}
[C:/Users/Unpre/go/pkg/mod/go.uber.org/zap@v4.144.8/zapcore/entry.go:14140]2022/04/14 - 23:53:47.874	[31mERROR[0m	D:/Code/GO/github/gin-gorm-practice/routers/api/v1/tags.go:79	AddTags: 	{"err": "name", "err": "åç§°ä¸èƒ½ä¸ºç©º"}
[C:/Users/Unpre/go/pkg/mod/go.uber.org/zap@v4.144.8/zapcore/entry.go:14140]2022/04/14 - 23:53:47.877	[31mERROR[0m	D:/Code/GO/github/gin-gorm-practice/routers/api/v1/tags.go:79	AddTags: 	{"err": "created_by", "err": "åˆ›å»ºäººä¸èƒ½ä¸ºç©º"}
[C:/Users/Unpre/go/pkg/mod/go.uber.org/zap@v4.144.8/zapcore/entry.go:14140]2022/04/14 - 23:53:47.877	[31mERROR[0m	D:/Code/GO/github/gin-gorm-practice/routers/api/v1/tags.go:79	AddTags: 	{"err": "state", "err": "çŠ¶æ€åªå…è®¸0æˆ–1"}
2022/04/15 - 18:10:11.532	[31mERROR[0m	D:/Code/GO/github/gin-gorm-practice/routers/api/v1/tags.go:79	AddTags: 	{"err": "name", "err": "åç§°ä¸èƒ½ä¸ºç©º"}
2022/04/15 - 18:10:11.535	[31mERROR[0m	D:/Code/GO/github/gin-gorm-practice/routers/api/v1/tags.go:79	AddTags: 	{"err": "state", "err": "çŠ¶æ€åªå…è®¸0æˆ–1"}
2022/04/26 - 22:37:43.100	[31mERROR[0m	D:/Code/GO/github/gin-gorm-practice/models/models.go:44	æ•°æ®åº“è¿æ¥å¤±è´¥	{"err": "dial tcp :0: connectex: The requested address is not valid in its context."}
2022/04/26 - 22:45:53.606	[31mERROR[0m	D:/Code/GO/github/gin-gorm-practice/models/models.go:44	æ•°æ®åº“è¿æ¥å¤±è´¥	{"err": "dial tcp :0: connectex: The requested address is not valid in its context."}
2022/04/26 - 22:48:35.119	[31mERROR[0m	D:/Code/GO/github/gin-gorm-practice/models/models.go:44	æ•°æ®åº“è¿æ¥å¤±è´¥	{"err": "dial tcp :0: connectex: The requested address is not valid in its context."}
2022/04/26 - 22:49:08.950	[31mERROR[0m	D:/Code/GO/github/gin-gorm-practice/models/models.go:44	æ•°æ®åº“è¿æ¥å¤±è´¥	{"err": "dial tcp :0: connectex: The requested address is not valid in its context."}
2022/04/26 - 22:54:28.084	[31mERROR[0m	D:/Code/GO/github/gin-gorm-practice/models/models.go:44	æ•°æ®åº“è¿æ¥å¤±è´¥	{"err": "dial tcp :0: connectex: The requested address is not valid in its context."}
2022/04/26 - 23:09:32.833	[31mERROR[0m	D:/Code/GO/github/gin-gorm-practice/pkg/util/jwt.go:53	generate token error	{"error": "key is of invalid type"}
2022/04/26 - 23:09:43.181	[31mERROR[0m	D:/Code/GO/github/gin-gorm-practice/pkg/util/jwt.go:53	generate token error	{"error": "key is of invalid type"}
2022/04/26 - 23:31:59.790	[31mERROR[0m	D:/Code/GO/github/gin-gorm-practice/middleware/jwt/jwt.go:29	token æ ¡éªŒå¤±è´¥	{"err": "signature is invalid"}
2022/04/26 - 23:31:59.791	[31mERROR[0m	D:/Code/GO/github/gin-gorm-practice/middleware/jwt/jwt.go:47	JWT	{"err": "Tokené‰´æƒå¤±è´¥"}
2022/04/26 - 23:32:06.895	[31mERROR[0m	D:/Code/GO/github/gin-gorm-practice/middleware/jwt/jwt.go:29	token æ ¡éªŒå¤±è´¥	{"err": "signature is invalid"}
2022/04/26 - 23:32:06.895	[31mERROR[0m	D:/Code/GO/github/gin-gorm-practice/middleware/jwt/jwt.go:47	JWT	{"err": "Tokené‰´æƒå¤±è´¥"}
2022/04/26 - 23:46:10.318	[31mERROR[0m	D:/Code/GO/github/gin-gorm-practice/middleware/jwt/jwt.go:29	token æ ¡éªŒå¤±è´¥	{"err": "signature is invalid"}
2022/04/26 - 23:46:10.319	[31mERROR[0m	D:/Code/GO/github/gin-gorm-practice/middleware/jwt/jwt.go:47	JWT	{"err": "Tokené‰´æƒå¤±è´¥"}
2022/04/26 - 23:46:48.561	[31mERROR[0m	D:/Code/GO/github/gin-gorm-practice/middleware/jwt/jwt.go:29	token æ ¡éªŒå¤±è´¥	{"err": "signature is invalid"}
2022/04/26 - 23:46:48.562	[31mERROR[0m	D:/Code/GO/github/gin-gorm-practice/middleware/jwt/jwt.go:47	JWT	{"err": "Tokené‰´æƒå¤±è´¥"}
2022/04/26 - 23:55:16.506	[31mERROR[0m	D:/Code/GO/github/gin-gorm-practice/models/blogTag/tag.go:58	GetTags	{"err": null}
2022/04/27 - 08:11:31.627	[31mERROR[0m	D:/Code/GO/github/gin-gorm-practice/middleware/jwt/jwt.go:29	token æ ¡éªŒå¤±è´¥	{"err": "signature is invalid"}
2022/04/27 - 08:11:31.629	[31mERROR[0m	D:/Code/GO/github/gin-gorm-practice/middleware/jwt/jwt.go:47	JWT	{"err": "Tokené‰´æƒå¤±è´¥"}
2022/04/27 - 08:11:37.491	[31mERROR[0m	D:/Code/GO/github/gin-gorm-practice/middleware/jwt/jwt.go:29	token æ ¡éªŒå¤±è´¥	{"err": "signature is invalid"}
2022/04/27 - 08:11:37.491	[31mERROR[0m	D:/Code/GO/github/gin-gorm-practice/middleware/jwt/jwt.go:47	JWT	{"err": "Tokené‰´æƒå¤±è´¥"}
2022/04/27 - 08:24:32.390	[31mERROR[0m	D:/Code/GO/github/gin-gorm-practice/middleware/jwt/jwt.go:29	token æ ¡éªŒå¤±è´¥	{"err": "signature is invalid"}
2022/04/27 - 08:24:32.393	[31mERROR[0m	D:/Code/GO/github/gin-gorm-practice/middleware/jwt/jwt.go:47	JWT	{"err": "Tokené‰´æƒå¤±è´¥"}
2022/04/27 - 08:29:11.225	[31mERROR[0m	D:/Code/GO/github/gin-gorm-practice/middleware/jwt/jwt.go:29	token æ ¡éªŒå¤±è´¥	{"err": "signature is invalid"}
2022/04/27 - 08:29:11.227	[31mERROR[0m	D:/Code/GO/github/gin-gorm-practice/middleware/jwt/jwt.go:47	JWT	{"err": "Tokené‰´æƒå¤±è´¥"}
2022/04/27 - 08:29:33.050	[31mERROR[0m	D:/Code/GO/github/gin-gorm-practice/middleware/jwt/jwt.go:29	token æ ¡éªŒå¤±è´¥	{"err": "illegal base64 data at input byte 0"}
2022/04/27 - 08:29:33.050	[31mERROR[0m	D:/Code/GO/github/gin-gorm-practice/middleware/jwt/jwt.go:47	JWT	{"err": "Tokené‰´æƒå¤±è´¥"}
